[0.025s] Invoking command in '/home/dimuthuaro/turtlebot3_ws/build/turtlebot3_maze': CMAKE_PREFIX_PATH=${CMAKE_PREFIX_PATH}:/opt/ros/jazzy DEBUGINFOD_URLS=https://debuginfod.ubuntu.com /usr/bin/cmake /home/dimuthuaro/turtlebot3_ws/src/turtlebot3_maze -DAMENT_CMAKE_SYMLINK_INSTALL=1 -DCMAKE_INSTALL_PREFIX=/home/dimuthuaro/turtlebot3_ws/install/turtlebot3_maze
[0.131s] -- Found ament_cmake: 2.5.4 (/opt/ros/jazzy/share/ament_cmake/cmake)
[0.494s] -- Override CMake install command with custom implementation using symlinks instead of copying resources
[0.731s] -- Configuring done (0.6s)
[0.794s] -- Generating done (0.0s)
[0.810s] -- Build files have been written to: /home/dimuthuaro/turtlebot3_ws/build/turtlebot3_maze
[0.824s] Invoked command in '/home/dimuthuaro/turtlebot3_ws/build/turtlebot3_maze' returned '0': CMAKE_PREFIX_PATH=${CMAKE_PREFIX_PATH}:/opt/ros/jazzy DEBUGINFOD_URLS=https://debuginfod.ubuntu.com /usr/bin/cmake /home/dimuthuaro/turtlebot3_ws/src/turtlebot3_maze -DAMENT_CMAKE_SYMLINK_INSTALL=1 -DCMAKE_INSTALL_PREFIX=/home/dimuthuaro/turtlebot3_ws/install/turtlebot3_maze
[0.825s] Invoking command in '/home/dimuthuaro/turtlebot3_ws/build/turtlebot3_maze': CMAKE_PREFIX_PATH=${CMAKE_PREFIX_PATH}:/opt/ros/jazzy DEBUGINFOD_URLS=https://debuginfod.ubuntu.com /usr/bin/cmake --build /home/dimuthuaro/turtlebot3_ws/build/turtlebot3_maze -- -j2 -l2
[0.946s] Built target ament_cmake_python_symlink_turtlebot3_maze
[1.200s] running egg_info
[1.200s] writing turtlebot3_maze.egg-info/PKG-INFO
[1.200s] writing dependency_links to turtlebot3_maze.egg-info/dependency_links.txt
[1.204s] writing top-level names to turtlebot3_maze.egg-info/top_level.txt
[1.278s] reading manifest file 'turtlebot3_maze.egg-info/SOURCES.txt'
[1.278s] writing manifest file 'turtlebot3_maze.egg-info/SOURCES.txt'
[1.318s] Built target ament_cmake_python_build_turtlebot3_maze_egg
[1.334s] Invoked command in '/home/dimuthuaro/turtlebot3_ws/build/turtlebot3_maze' returned '0': CMAKE_PREFIX_PATH=${CMAKE_PREFIX_PATH}:/opt/ros/jazzy DEBUGINFOD_URLS=https://debuginfod.ubuntu.com /usr/bin/cmake --build /home/dimuthuaro/turtlebot3_ws/build/turtlebot3_maze -- -j2 -l2
[1.348s] Invoking command in '/home/dimuthuaro/turtlebot3_ws/build/turtlebot3_maze': CMAKE_PREFIX_PATH=${CMAKE_PREFIX_PATH}:/opt/ros/jazzy DEBUGINFOD_URLS=https://debuginfod.ubuntu.com /usr/bin/cmake --install /home/dimuthuaro/turtlebot3_ws/build/turtlebot3_maze
[1.359s] -- Install configuration: ""
[1.359s] -- Execute custom install script
[1.360s] -- Up-to-date symlink: /home/dimuthuaro/turtlebot3_ws/install/turtlebot3_maze/share/turtlebot3_maze/environment/pythonpath.sh
[1.361s] -- Up-to-date symlink: /home/dimuthuaro/turtlebot3_ws/install/turtlebot3_maze/share/turtlebot3_maze/environment/pythonpath.dsv
[1.361s] -- Up-to-date symlink: /home/dimuthuaro/turtlebot3_ws/install/turtlebot3_maze/lib/python3.12/site-packages/turtlebot3_maze-1.2.0-py3.12.egg-info/PKG-INFO
[1.362s] -- Up-to-date symlink: /home/dimuthuaro/turtlebot3_ws/install/turtlebot3_maze/lib/python3.12/site-packages/turtlebot3_maze-1.2.0-py3.12.egg-info/SOURCES.txt
[1.362s] -- Up-to-date symlink: /home/dimuthuaro/turtlebot3_ws/install/turtlebot3_maze/lib/python3.12/site-packages/turtlebot3_maze-1.2.0-py3.12.egg-info/dependency_links.txt
[1.363s] -- Up-to-date symlink: /home/dimuthuaro/turtlebot3_ws/install/turtlebot3_maze/lib/python3.12/site-packages/turtlebot3_maze-1.2.0-py3.12.egg-info/top_level.txt
[1.365s] -- Up-to-date symlink: /home/dimuthuaro/turtlebot3_ws/install/turtlebot3_maze/lib/python3.12/site-packages/turtlebot3_maze/__init__.py
[1.365s] -- Up-to-date symlink: /home/dimuthuaro/turtlebot3_ws/install/turtlebot3_maze/lib/python3.12/site-packages/turtlebot3_maze/dqn_agent.py
[1.366s] -- Up-to-date symlink: /home/dimuthuaro/turtlebot3_ws/install/turtlebot3_maze/lib/python3.12/site-packages/turtlebot3_maze/dqn_navigation.py
[1.366s] -- Up-to-date symlink: /home/dimuthuaro/turtlebot3_ws/install/turtlebot3_maze/lib/python3.12/site-packages/turtlebot3_maze/generate_assignment_maze.py
[1.366s] -- Up-to-date symlink: /home/dimuthuaro/turtlebot3_ws/install/turtlebot3_maze/lib/python3.12/site-packages/turtlebot3_maze/maze_generator.py
[1.367s] -- Up-to-date symlink: /home/dimuthuaro/turtlebot3_ws/install/turtlebot3_maze/lib/python3.12/site-packages/turtlebot3_maze/maze_gui.py
[1.367s] -- Up-to-date symlink: /home/dimuthuaro/turtlebot3_ws/install/turtlebot3_maze/lib/python3.12/site-packages/turtlebot3_maze/performance_tester.py
[1.369s] -- Up-to-date symlink: /home/dimuthuaro/turtlebot3_ws/install/turtlebot3_maze/lib/python3.12/site-packages/turtlebot3_maze/setup.py
[1.369s] -- Symlinking: /home/dimuthuaro/turtlebot3_ws/install/turtlebot3_maze/share/turtlebot3_maze/launch/gazebo_only.launch.py
[1.381s] -- Up-to-date symlink: /home/dimuthuaro/turtlebot3_ws/install/turtlebot3_maze/share/turtlebot3_maze/launch/navigation.launch.py
[1.381s] -- Up-to-date symlink: /home/dimuthuaro/turtlebot3_ws/install/turtlebot3_maze/share/turtlebot3_maze/launch/slam.launch.py
[1.381s] -- Symlinking: /home/dimuthuaro/turtlebot3_ws/install/turtlebot3_maze/share/turtlebot3_maze/launch/test_headless.launch.py
[1.394s] -- Up-to-date symlink: /home/dimuthuaro/turtlebot3_ws/install/turtlebot3_maze/share/turtlebot3_maze/config/dqn_config.yaml
[1.394s] -- Up-to-date symlink: /home/dimuthuaro/turtlebot3_ws/install/turtlebot3_maze/share/turtlebot3_maze/config/nav2_params.yaml
[1.395s] -- Up-to-date symlink: /home/dimuthuaro/turtlebot3_ws/install/turtlebot3_maze/share/turtlebot3_maze/config/slam_params.yaml
[1.395s] -- Up-to-date symlink: /home/dimuthuaro/turtlebot3_ws/install/turtlebot3_maze/share/turtlebot3_maze/worlds/empty.world
[1.395s] -- Up-to-date symlink: /home/dimuthuaro/turtlebot3_ws/install/turtlebot3_maze/share/turtlebot3_maze/worlds/maze_assignment.world
[1.395s] -- Up-to-date symlink: /home/dimuthuaro/turtlebot3_ws/install/turtlebot3_maze/share/turtlebot3_maze/worlds/maze_complex.world
[1.395s] -- Up-to-date symlink: /home/dimuthuaro/turtlebot3_ws/install/turtlebot3_maze/share/turtlebot3_maze/worlds/maze_simple.world
[1.397s] -- Up-to-date symlink: /home/dimuthuaro/turtlebot3_ws/install/turtlebot3_maze/share/turtlebot3_maze/rviz/slam.rviz
[1.397s] -- Up-to-date symlink: /home/dimuthuaro/turtlebot3_ws/install/turtlebot3_maze/share/ament_index/resource_index/package_run_dependencies/turtlebot3_maze
[1.398s] -- Up-to-date symlink: /home/dimuthuaro/turtlebot3_ws/install/turtlebot3_maze/share/ament_index/resource_index/parent_prefix_path/turtlebot3_maze
[1.398s] -- Up-to-date symlink: /home/dimuthuaro/turtlebot3_ws/install/turtlebot3_maze/share/turtlebot3_maze/environment/ament_prefix_path.sh
[1.400s] -- Up-to-date symlink: /home/dimuthuaro/turtlebot3_ws/install/turtlebot3_maze/share/turtlebot3_maze/environment/ament_prefix_path.dsv
[1.400s] -- Up-to-date symlink: /home/dimuthuaro/turtlebot3_ws/install/turtlebot3_maze/share/turtlebot3_maze/environment/path.sh
[1.403s] -- Up-to-date symlink: /home/dimuthuaro/turtlebot3_ws/install/turtlebot3_maze/share/turtlebot3_maze/environment/path.dsv
[1.403s] -- Up-to-date symlink: /home/dimuthuaro/turtlebot3_ws/install/turtlebot3_maze/share/turtlebot3_maze/local_setup.bash
[1.403s] -- Up-to-date symlink: /home/dimuthuaro/turtlebot3_ws/install/turtlebot3_maze/share/turtlebot3_maze/local_setup.sh
[1.403s] -- Up-to-date symlink: /home/dimuthuaro/turtlebot3_ws/install/turtlebot3_maze/share/turtlebot3_maze/local_setup.zsh
[1.403s] -- Up-to-date symlink: /home/dimuthuaro/turtlebot3_ws/install/turtlebot3_maze/share/turtlebot3_maze/local_setup.dsv
[1.403s] -- Symlinking: /home/dimuthuaro/turtlebot3_ws/install/turtlebot3_maze/share/turtlebot3_maze/package.dsv
[1.415s] -- Up-to-date symlink: /home/dimuthuaro/turtlebot3_ws/install/turtlebot3_maze/share/ament_index/resource_index/packages/turtlebot3_maze
[1.416s] -- Up-to-date symlink: /home/dimuthuaro/turtlebot3_ws/install/turtlebot3_maze/share/turtlebot3_maze/cmake/turtlebot3_mazeConfig.cmake
[1.416s] -- Up-to-date symlink: /home/dimuthuaro/turtlebot3_ws/install/turtlebot3_maze/share/turtlebot3_maze/cmake/turtlebot3_mazeConfig-version.cmake
[1.416s] -- Up-to-date symlink: /home/dimuthuaro/turtlebot3_ws/install/turtlebot3_maze/share/turtlebot3_maze/package.xml
[1.455s] Listing '/home/dimuthuaro/turtlebot3_ws/install/turtlebot3_maze/lib/python3.12/site-packages/turtlebot3_maze'...
[1.465s] Invoked command in '/home/dimuthuaro/turtlebot3_ws/build/turtlebot3_maze' returned '0': CMAKE_PREFIX_PATH=${CMAKE_PREFIX_PATH}:/opt/ros/jazzy DEBUGINFOD_URLS=https://debuginfod.ubuntu.com /usr/bin/cmake --install /home/dimuthuaro/turtlebot3_ws/build/turtlebot3_maze
