[0.227s] DEBUG:colcon:Command line arguments: ['/usr/bin/colcon', 'build', '--packages-select', 'turtlebot3_maze', '--symlink-install']
[0.227s] DEBUG:colcon:Parsed command line arguments: Namespace(log_base=None, log_level=None, verb_name='build', build_base='build', install_base='install', merge_install=False, symlink_install=True, test_result_base=None, continue_on_error=False, executor='parallel', parallel_workers=2, event_handlers=None, ignore_user_meta=False, metas=['./colcon.meta'], base_paths=['.'], packages_ignore=None, packages_ignore_regex=None, paths=None, packages_up_to=None, packages_up_to_regex=None, packages_above=None, packages_above_and_dependencies=None, packages_above_depth=None, packages_select_by_dep=None, packages_skip_by_dep=None, packages_skip_up_to=None, packages_select_build_failed=False, packages_skip_build_finished=False, packages_select_test_failures=False, packages_skip_test_passed=False, packages_select=['turtlebot3_maze'], packages_skip=None, packages_select_regex=None, packages_skip_regex=None, packages_start=None, packages_end=None, allow_overriding=[], cmake_args=None, cmake_target=None, cmake_target_skip_unavailable=False, cmake_clean_cache=False, cmake_clean_first=False, cmake_force_configure=False, ament_cmake_args=None, catkin_cmake_args=None, catkin_skip_building_tests=False, verb_parser=<colcon_defaults.argument_parser.defaults.DefaultArgumentsDecorator object at 0x7c9c17783b00>, verb_extension=<colcon_core.verb.build.BuildVerb object at 0x7c9c178d0080>, main=<bound method BuildVerb.main of <colcon_core.verb.build.BuildVerb object at 0x7c9c178d0080>>)
[0.338s] Level 1:colcon.colcon_core.package_discovery:discover_packages(colcon_meta) check parameters
[0.339s] Level 1:colcon.colcon_core.package_discovery:discover_packages(recursive) check parameters
[0.340s] Level 1:colcon.colcon_core.package_discovery:discover_packages(ignore) check parameters
[0.340s] Level 1:colcon.colcon_core.package_discovery:discover_packages(path) check parameters
[0.340s] Level 1:colcon.colcon_core.package_discovery:discover_packages(colcon_meta) discover
[0.341s] Level 1:colcon.colcon_core.package_discovery:discover_packages(recursive) discover
[0.341s] INFO:colcon.colcon_core.package_discovery:Crawling recursively for packages in '/home/dimuthuaro/turtlebot3_ws'
[0.341s] Level 1:colcon.colcon_core.package_identification:_identify(.) by extensions ['ignore', 'ignore_ament_install']
[0.341s] Level 1:colcon.colcon_core.package_identification:_identify(.) by extension 'ignore'
[0.341s] Level 1:colcon.colcon_core.package_identification:_identify(.) by extension 'ignore_ament_install'
[0.341s] Level 1:colcon.colcon_core.package_identification:_identify(.) by extensions ['colcon_pkg']
[0.341s] Level 1:colcon.colcon_core.package_identification:_identify(.) by extension 'colcon_pkg'
[0.341s] Level 1:colcon.colcon_core.package_identification:_identify(.) by extensions ['colcon_meta']
[0.341s] Level 1:colcon.colcon_core.package_identification:_identify(.) by extension 'colcon_meta'
[0.341s] Level 1:colcon.colcon_core.package_identification:_identify(.) by extensions ['ros']
[0.341s] Level 1:colcon.colcon_core.package_identification:_identify(.) by extension 'ros'
[0.361s] Level 1:colcon.colcon_core.package_identification:_identify(.) by extensions ['cmake', 'python']
[0.362s] Level 1:colcon.colcon_core.package_identification:_identify(.) by extension 'cmake'
[0.363s] Level 1:colcon.colcon_core.package_identification:_identify(.) by extension 'python'
[0.363s] Level 1:colcon.colcon_core.package_identification:_identify(.) by extensions ['python_setup_py']
[0.363s] Level 1:colcon.colcon_core.package_identification:_identify(.) by extension 'python_setup_py'
[0.363s] Level 1:colcon.colcon_core.package_identification:_identify(build) by extensions ['ignore', 'ignore_ament_install']
[0.363s] Level 1:colcon.colcon_core.package_identification:_identify(build) by extension 'ignore'
[0.363s] Level 1:colcon.colcon_core.package_identification:_identify(build) ignored
[0.363s] Level 1:colcon.colcon_core.package_identification:_identify(install) by extensions ['ignore', 'ignore_ament_install']
[0.363s] Level 1:colcon.colcon_core.package_identification:_identify(install) by extension 'ignore'
[0.363s] Level 1:colcon.colcon_core.package_identification:_identify(install) ignored
[0.363s] Level 1:colcon.colcon_core.package_identification:_identify(log) by extensions ['ignore', 'ignore_ament_install']
[0.363s] Level 1:colcon.colcon_core.package_identification:_identify(log) by extension 'ignore'
[0.363s] Level 1:colcon.colcon_core.package_identification:_identify(log) ignored
[0.363s] Level 1:colcon.colcon_core.package_identification:_identify(src) by extensions ['ignore', 'ignore_ament_install']
[0.364s] Level 1:colcon.colcon_core.package_identification:_identify(src) by extension 'ignore'
[0.364s] Level 1:colcon.colcon_core.package_identification:_identify(src) by extension 'ignore_ament_install'
[0.364s] Level 1:colcon.colcon_core.package_identification:_identify(src) by extensions ['colcon_pkg']
[0.364s] Level 1:colcon.colcon_core.package_identification:_identify(src) by extension 'colcon_pkg'
[0.364s] Level 1:colcon.colcon_core.package_identification:_identify(src) by extensions ['colcon_meta']
[0.364s] Level 1:colcon.colcon_core.package_identification:_identify(src) by extension 'colcon_meta'
[0.364s] Level 1:colcon.colcon_core.package_identification:_identify(src) by extensions ['ros']
[0.364s] Level 1:colcon.colcon_core.package_identification:_identify(src) by extension 'ros'
[0.364s] Level 1:colcon.colcon_core.package_identification:_identify(src) by extensions ['cmake', 'python']
[0.364s] Level 1:colcon.colcon_core.package_identification:_identify(src) by extension 'cmake'
[0.364s] Level 1:colcon.colcon_core.package_identification:_identify(src) by extension 'python'
[0.364s] Level 1:colcon.colcon_core.package_identification:_identify(src) by extensions ['python_setup_py']
[0.364s] Level 1:colcon.colcon_core.package_identification:_identify(src) by extension 'python_setup_py'
[0.364s] Level 1:colcon.colcon_core.package_identification:_identify(src/turtlebot3_maze) by extensions ['ignore', 'ignore_ament_install']
[0.364s] Level 1:colcon.colcon_core.package_identification:_identify(src/turtlebot3_maze) by extension 'ignore'
[0.364s] Level 1:colcon.colcon_core.package_identification:_identify(src/turtlebot3_maze) by extension 'ignore_ament_install'
[0.364s] Level 1:colcon.colcon_core.package_identification:_identify(src/turtlebot3_maze) by extensions ['colcon_pkg']
[0.364s] Level 1:colcon.colcon_core.package_identification:_identify(src/turtlebot3_maze) by extension 'colcon_pkg'
[0.364s] Level 1:colcon.colcon_core.package_identification:_identify(src/turtlebot3_maze) by extensions ['colcon_meta']
[0.364s] Level 1:colcon.colcon_core.package_identification:_identify(src/turtlebot3_maze) by extension 'colcon_meta'
[0.364s] Level 1:colcon.colcon_core.package_identification:_identify(src/turtlebot3_maze) by extensions ['ros']
[0.364s] Level 1:colcon.colcon_core.package_identification:_identify(src/turtlebot3_maze) by extension 'ros'
[0.366s] DEBUG:colcon.colcon_core.package_identification:Package 'src/turtlebot3_maze' with type 'ros.ament_cmake' and name 'turtlebot3_maze'
[0.366s] Level 1:colcon.colcon_core.package_discovery:discover_packages(recursive) using defaults
[0.366s] Level 1:colcon.colcon_core.package_discovery:discover_packages(ignore) discover
[0.366s] Level 1:colcon.colcon_core.package_discovery:discover_packages(ignore) using defaults
[0.366s] Level 1:colcon.colcon_core.package_discovery:discover_packages(path) discover
[0.366s] Level 1:colcon.colcon_core.package_discovery:discover_packages(path) using defaults
[0.378s] Level 1:colcon.colcon_core.package_discovery:discover_packages(prefix_path) check parameters
[0.379s] Level 1:colcon.colcon_core.package_discovery:discover_packages(prefix_path) discover
[0.379s] DEBUG:colcon.colcon_installed_package_information.package_discovery:Found 1 installed packages in /home/dimuthuaro/turtlebot3_ws/install
[0.381s] DEBUG:colcon.colcon_installed_package_information.package_discovery:Found 489 installed packages in /opt/ros/jazzy
[0.382s] Level 1:colcon.colcon_core.package_discovery:discover_packages(prefix_path) using defaults
[0.417s] Level 5:colcon.colcon_core.verb:set package 'turtlebot3_maze' build argument 'cmake_args' from command line to 'None'
[0.417s] Level 5:colcon.colcon_core.verb:set package 'turtlebot3_maze' build argument 'cmake_target' from command line to 'None'
[0.417s] Level 5:colcon.colcon_core.verb:set package 'turtlebot3_maze' build argument 'cmake_target_skip_unavailable' from command line to 'False'
[0.417s] Level 5:colcon.colcon_core.verb:set package 'turtlebot3_maze' build argument 'cmake_clean_cache' from command line to 'False'
[0.417s] Level 5:colcon.colcon_core.verb:set package 'turtlebot3_maze' build argument 'cmake_clean_first' from command line to 'False'
[0.417s] Level 5:colcon.colcon_core.verb:set package 'turtlebot3_maze' build argument 'cmake_force_configure' from command line to 'False'
[0.417s] Level 5:colcon.colcon_core.verb:set package 'turtlebot3_maze' build argument 'ament_cmake_args' from command line to 'None'
[0.417s] Level 5:colcon.colcon_core.verb:set package 'turtlebot3_maze' build argument 'catkin_cmake_args' from command line to 'None'
[0.417s] Level 5:colcon.colcon_core.verb:set package 'turtlebot3_maze' build argument 'catkin_skip_building_tests' from command line to 'False'
[0.417s] DEBUG:colcon.colcon_core.verb:Building package 'turtlebot3_maze' with the following arguments: {'ament_cmake_args': None, 'build_base': '/home/dimuthuaro/turtlebot3_ws/build/turtlebot3_maze', 'catkin_cmake_args': None, 'catkin_skip_building_tests': False, 'cmake_args': None, 'cmake_clean_cache': False, 'cmake_clean_first': False, 'cmake_force_configure': False, 'cmake_target': None, 'cmake_target_skip_unavailable': False, 'install_base': '/home/dimuthuaro/turtlebot3_ws/install/turtlebot3_maze', 'merge_install': False, 'path': '/home/dimuthuaro/turtlebot3_ws/src/turtlebot3_maze', 'symlink_install': True, 'test_result_base': None}
[0.417s] INFO:colcon.colcon_core.executor:Executing jobs using 'parallel' executor
[0.424s] DEBUG:colcon.colcon_parallel_executor.executor.parallel:run_until_complete
[0.425s] INFO:colcon.colcon_ros.task.ament_cmake.build:Building ROS package in '/home/dimuthuaro/turtlebot3_ws/src/turtlebot3_maze' with build type 'ament_cmake'
[0.426s] INFO:colcon.colcon_cmake.task.cmake.build:Building CMake package in '/home/dimuthuaro/turtlebot3_ws/src/turtlebot3_maze'
[0.429s] INFO:colcon.colcon_core.plugin_system:Skipping extension 'colcon_core.shell.bat': Not used on non-Windows systems
[0.429s] INFO:colcon.colcon_core.shell:Skip shell extension 'powershell' for command environment: Not usable outside of PowerShell
[0.429s] DEBUG:colcon.colcon_core.shell:Skip shell extension 'dsv' for command environment
[0.457s] DEBUG:colcon.colcon_core.event_handler.log_command:Invoking command in '/home/dimuthuaro/turtlebot3_ws/build/turtlebot3_maze': CMAKE_PREFIX_PATH=${CMAKE_PREFIX_PATH}:/opt/ros/jazzy DEBUGINFOD_URLS=https://debuginfod.ubuntu.com /usr/bin/cmake /home/dimuthuaro/turtlebot3_ws/src/turtlebot3_maze -DAMENT_CMAKE_SYMLINK_INSTALL=1 -DCMAKE_INSTALL_PREFIX=/home/dimuthuaro/turtlebot3_ws/install/turtlebot3_maze
[0.490s] Level 1:colcon.colcon_core.environment:create_environment_scripts_only(turtlebot3_maze)
[0.491s] DEBUG:colcon.colcon_core.event_handler.log_command:Invoked command in '/home/dimuthuaro/turtlebot3_ws/build/turtlebot3_maze' returned '1': CMAKE_PREFIX_PATH=${CMAKE_PREFIX_PATH}:/opt/ros/jazzy DEBUGINFOD_URLS=https://debuginfod.ubuntu.com /usr/bin/cmake /home/dimuthuaro/turtlebot3_ws/src/turtlebot3_maze -DAMENT_CMAKE_SYMLINK_INSTALL=1 -DCMAKE_INSTALL_PREFIX=/home/dimuthuaro/turtlebot3_ws/install/turtlebot3_maze
[0.495s] Level 1:colcon.colcon_core.environment:checking '/home/dimuthuaro/turtlebot3_ws/install/turtlebot3_maze' for CMake module files
[0.496s] Level 1:colcon.colcon_core.environment:checking '/home/dimuthuaro/turtlebot3_ws/install/turtlebot3_maze' for CMake config files
[0.497s] Level 1:colcon.colcon_core.environment:checking '/home/dimuthuaro/turtlebot3_ws/install/turtlebot3_maze/bin'
[0.497s] Level 1:colcon.colcon_core.environment:checking '/home/dimuthuaro/turtlebot3_ws/install/turtlebot3_maze/lib/pkgconfig/turtlebot3_maze.pc'
[0.499s] Level 1:colcon.colcon_core.environment:checking '/home/dimuthuaro/turtlebot3_ws/install/turtlebot3_maze/lib/python3.12/site-packages'
[0.500s] Level 1:colcon.colcon_core.environment:checking '/home/dimuthuaro/turtlebot3_ws/install/turtlebot3_maze/bin'
[0.500s] INFO:colcon.colcon_core.shell:Creating package script '/home/dimuthuaro/turtlebot3_ws/install/turtlebot3_maze/share/turtlebot3_maze/package.ps1'
[0.502s] INFO:colcon.colcon_core.shell:Creating package descriptor '/home/dimuthuaro/turtlebot3_ws/install/turtlebot3_maze/share/turtlebot3_maze/package.dsv'
[0.503s] INFO:colcon.colcon_core.shell:Creating package script '/home/dimuthuaro/turtlebot3_ws/install/turtlebot3_maze/share/turtlebot3_maze/package.sh'
[0.504s] INFO:colcon.colcon_core.shell:Creating package script '/home/dimuthuaro/turtlebot3_ws/install/turtlebot3_maze/share/turtlebot3_maze/package.bash'
[0.506s] INFO:colcon.colcon_core.shell:Creating package script '/home/dimuthuaro/turtlebot3_ws/install/turtlebot3_maze/share/turtlebot3_maze/package.zsh'
[0.507s] Level 1:colcon.colcon_core.environment:create_file_with_runtime_dependencies(/home/dimuthuaro/turtlebot3_ws/install/turtlebot3_maze/share/colcon-core/packages/turtlebot3_maze)
[0.519s] DEBUG:colcon.colcon_parallel_executor.executor.parallel:closing loop
[0.521s] DEBUG:colcon.colcon_parallel_executor.executor.parallel:loop closed
[0.521s] DEBUG:colcon.colcon_parallel_executor.executor.parallel:run_until_complete finished with '1'
[0.521s] DEBUG:colcon.colcon_core.event_reactor:joining thread
[0.536s] INFO:colcon.colcon_core.plugin_system:Skipping extension 'colcon_notification.desktop_notification.terminal_notifier': Not used on non-Darwin systems
[0.536s] INFO:colcon.colcon_core.plugin_system:Skipping extension 'colcon_notification.desktop_notification.win32': Not used on non-Windows systems
[0.536s] INFO:colcon.colcon_notification.desktop_notification:Sending desktop notification using 'notify2'
[0.550s] DEBUG:colcon.colcon_core.event_reactor:joined thread
[0.550s] INFO:colcon.colcon_core.shell:Creating prefix script '/home/dimuthuaro/turtlebot3_ws/install/local_setup.ps1'
[0.552s] INFO:colcon.colcon_core.shell:Creating prefix util module '/home/dimuthuaro/turtlebot3_ws/install/_local_setup_util_ps1.py'
[0.555s] INFO:colcon.colcon_core.shell:Creating prefix chain script '/home/dimuthuaro/turtlebot3_ws/install/setup.ps1'
[0.557s] INFO:colcon.colcon_core.shell:Creating prefix script '/home/dimuthuaro/turtlebot3_ws/install/local_setup.sh'
[0.560s] INFO:colcon.colcon_core.shell:Creating prefix util module '/home/dimuthuaro/turtlebot3_ws/install/_local_setup_util_sh.py'
[0.562s] INFO:colcon.colcon_core.shell:Creating prefix chain script '/home/dimuthuaro/turtlebot3_ws/install/setup.sh'
[0.565s] INFO:colcon.colcon_core.shell:Creating prefix script '/home/dimuthuaro/turtlebot3_ws/install/local_setup.bash'
[0.566s] INFO:colcon.colcon_core.shell:Creating prefix chain script '/home/dimuthuaro/turtlebot3_ws/install/setup.bash'
[0.568s] INFO:colcon.colcon_core.shell:Creating prefix script '/home/dimuthuaro/turtlebot3_ws/install/local_setup.zsh'
[0.570s] INFO:colcon.colcon_core.shell:Creating prefix chain script '/home/dimuthuaro/turtlebot3_ws/install/setup.zsh'
