[0.249s] DEBUG:colcon:Command line arguments: ['/usr/bin/colcon', 'build']
[0.249s] DEBUG:colcon:Parsed command line arguments: Namespace(log_base=None, log_level=None, verb_name='build', build_base='build', install_base='install', merge_install=False, symlink_install=False, test_result_base=None, continue_on_error=False, executor='parallel', parallel_workers=2, event_handlers=None, ignore_user_meta=False, metas=['./colcon.meta'], base_paths=['.'], packages_ignore=None, packages_ignore_regex=None, paths=None, packages_up_to=None, packages_up_to_regex=None, packages_above=None, packages_above_and_dependencies=None, packages_above_depth=None, packages_select_by_dep=None, packages_skip_by_dep=None, packages_skip_up_to=None, packages_select_build_failed=False, packages_skip_build_finished=False, packages_select_test_failures=False, packages_skip_test_passed=False, packages_select=None, packages_skip=None, packages_select_regex=None, packages_skip_regex=None, packages_start=None, packages_end=None, allow_overriding=[], cmake_args=None, cmake_target=None, cmake_target_skip_unavailable=False, cmake_clean_cache=False, cmake_clean_first=False, cmake_force_configure=False, ament_cmake_args=None, catkin_cmake_args=None, catkin_skip_building_tests=False, verb_parser=<colcon_defaults.argument_parser.defaults.DefaultArgumentsDecorator object at 0x76253d3840b0>, verb_extension=<colcon_core.verb.build.BuildVerb object at 0x76253e1ba7b0>, main=<bound method BuildVerb.main of <colcon_core.verb.build.BuildVerb object at 0x76253e1ba7b0>>)
[0.303s] Level 1:colcon.colcon_core.package_discovery:discover_packages(colcon_meta) check parameters
[0.303s] Level 1:colcon.colcon_core.package_discovery:discover_packages(recursive) check parameters
[0.303s] Level 1:colcon.colcon_core.package_discovery:discover_packages(ignore) check parameters
[0.303s] Level 1:colcon.colcon_core.package_discovery:discover_packages(path) check parameters
[0.304s] Level 1:colcon.colcon_core.package_discovery:discover_packages(colcon_meta) discover
[0.304s] Level 1:colcon.colcon_core.package_discovery:discover_packages(recursive) discover
[0.304s] INFO:colcon.colcon_core.package_discovery:Crawling recursively for packages in '/home/dimuthuaro/turtlebot3_ws'
[0.304s] Level 1:colcon.colcon_core.package_identification:_identify(.) by extensions ['ignore', 'ignore_ament_install']
[0.305s] Level 1:colcon.colcon_core.package_identification:_identify(.) by extension 'ignore'
[0.305s] Level 1:colcon.colcon_core.package_identification:_identify(.) by extension 'ignore_ament_install'
[0.305s] Level 1:colcon.colcon_core.package_identification:_identify(.) by extensions ['colcon_pkg']
[0.305s] Level 1:colcon.colcon_core.package_identification:_identify(.) by extension 'colcon_pkg'
[0.305s] Level 1:colcon.colcon_core.package_identification:_identify(.) by extensions ['colcon_meta']
[0.305s] Level 1:colcon.colcon_core.package_identification:_identify(.) by extension 'colcon_meta'
[0.305s] Level 1:colcon.colcon_core.package_identification:_identify(.) by extensions ['ros']
[0.305s] Level 1:colcon.colcon_core.package_identification:_identify(.) by extension 'ros'
[0.338s] Level 1:colcon.colcon_core.package_identification:_identify(.) by extensions ['cmake', 'python']
[0.339s] Level 1:colcon.colcon_core.package_identification:_identify(.) by extension 'cmake'
[0.339s] Level 1:colcon.colcon_core.package_identification:_identify(.) by extension 'python'
[0.339s] Level 1:colcon.colcon_core.package_identification:_identify(.) by extensions ['python_setup_py']
[0.339s] Level 1:colcon.colcon_core.package_identification:_identify(.) by extension 'python_setup_py'
[0.339s] Level 1:colcon.colcon_core.package_identification:_identify(build) by extensions ['ignore', 'ignore_ament_install']
[0.339s] Level 1:colcon.colcon_core.package_identification:_identify(build) by extension 'ignore'
[0.339s] Level 1:colcon.colcon_core.package_identification:_identify(build) ignored
[0.339s] Level 1:colcon.colcon_core.package_identification:_identify(install) by extensions ['ignore', 'ignore_ament_install']
[0.339s] Level 1:colcon.colcon_core.package_identification:_identify(install) by extension 'ignore'
[0.339s] Level 1:colcon.colcon_core.package_identification:_identify(install) ignored
[0.340s] Level 1:colcon.colcon_core.package_identification:_identify(log) by extensions ['ignore', 'ignore_ament_install']
[0.340s] Level 1:colcon.colcon_core.package_identification:_identify(log) by extension 'ignore'
[0.340s] Level 1:colcon.colcon_core.package_identification:_identify(log) ignored
[0.340s] Level 1:colcon.colcon_core.package_identification:_identify(src) by extensions ['ignore', 'ignore_ament_install']
[0.340s] Level 1:colcon.colcon_core.package_identification:_identify(src) by extension 'ignore'
[0.340s] Level 1:colcon.colcon_core.package_identification:_identify(src) by extension 'ignore_ament_install'
[0.340s] Level 1:colcon.colcon_core.package_identification:_identify(src) by extensions ['colcon_pkg']
[0.340s] Level 1:colcon.colcon_core.package_identification:_identify(src) by extension 'colcon_pkg'
[0.340s] Level 1:colcon.colcon_core.package_identification:_identify(src) by extensions ['colcon_meta']
[0.340s] Level 1:colcon.colcon_core.package_identification:_identify(src) by extension 'colcon_meta'
[0.340s] Level 1:colcon.colcon_core.package_identification:_identify(src) by extensions ['ros']
[0.340s] Level 1:colcon.colcon_core.package_identification:_identify(src) by extension 'ros'
[0.340s] Level 1:colcon.colcon_core.package_identification:_identify(src) by extensions ['cmake', 'python']
[0.341s] Level 1:colcon.colcon_core.package_identification:_identify(src) by extension 'cmake'
[0.341s] Level 1:colcon.colcon_core.package_identification:_identify(src) by extension 'python'
[0.341s] Level 1:colcon.colcon_core.package_identification:_identify(src) by extensions ['python_setup_py']
[0.341s] Level 1:colcon.colcon_core.package_identification:_identify(src) by extension 'python_setup_py'
[0.341s] Level 1:colcon.colcon_core.package_identification:_identify(src/turtlebot3_maze) by extensions ['ignore', 'ignore_ament_install']
[0.341s] Level 1:colcon.colcon_core.package_identification:_identify(src/turtlebot3_maze) by extension 'ignore'
[0.341s] Level 1:colcon.colcon_core.package_identification:_identify(src/turtlebot3_maze) by extension 'ignore_ament_install'
[0.341s] Level 1:colcon.colcon_core.package_identification:_identify(src/turtlebot3_maze) by extensions ['colcon_pkg']
[0.341s] Level 1:colcon.colcon_core.package_identification:_identify(src/turtlebot3_maze) by extension 'colcon_pkg'
[0.342s] Level 1:colcon.colcon_core.package_identification:_identify(src/turtlebot3_maze) by extensions ['colcon_meta']
[0.342s] Level 1:colcon.colcon_core.package_identification:_identify(src/turtlebot3_maze) by extension 'colcon_meta'
[0.342s] Level 1:colcon.colcon_core.package_identification:_identify(src/turtlebot3_maze) by extensions ['ros']
[0.342s] Level 1:colcon.colcon_core.package_identification:_identify(src/turtlebot3_maze) by extension 'ros'
[0.348s] DEBUG:colcon.colcon_core.package_identification:Package 'src/turtlebot3_maze' with type 'ros.ament_cmake' and name 'turtlebot3_maze'
[0.349s] Level 1:colcon.colcon_core.package_discovery:discover_packages(recursive) using defaults
[0.349s] Level 1:colcon.colcon_core.package_discovery:discover_packages(ignore) discover
[0.349s] Level 1:colcon.colcon_core.package_discovery:discover_packages(ignore) using defaults
[0.349s] Level 1:colcon.colcon_core.package_discovery:discover_packages(path) discover
[0.349s] Level 1:colcon.colcon_core.package_discovery:discover_packages(path) using defaults
[0.366s] Level 1:colcon.colcon_core.package_discovery:discover_packages(prefix_path) check parameters
[0.366s] Level 1:colcon.colcon_core.package_discovery:discover_packages(prefix_path) discover
[0.368s] DEBUG:colcon.colcon_installed_package_information.package_discovery:Found 1 installed packages in /home/dimuthuaro/turtlebot3_ws/install
[0.370s] DEBUG:colcon.colcon_installed_package_information.package_discovery:Found 489 installed packages in /opt/ros/jazzy
[0.373s] Level 1:colcon.colcon_core.package_discovery:discover_packages(prefix_path) using defaults
[0.431s] Level 5:colcon.colcon_core.verb:set package 'turtlebot3_maze' build argument 'cmake_args' from command line to 'None'
[0.431s] Level 5:colcon.colcon_core.verb:set package 'turtlebot3_maze' build argument 'cmake_target' from command line to 'None'
[0.431s] Level 5:colcon.colcon_core.verb:set package 'turtlebot3_maze' build argument 'cmake_target_skip_unavailable' from command line to 'False'
[0.431s] Level 5:colcon.colcon_core.verb:set package 'turtlebot3_maze' build argument 'cmake_clean_cache' from command line to 'False'
[0.431s] Level 5:colcon.colcon_core.verb:set package 'turtlebot3_maze' build argument 'cmake_clean_first' from command line to 'False'
[0.431s] Level 5:colcon.colcon_core.verb:set package 'turtlebot3_maze' build argument 'cmake_force_configure' from command line to 'False'
[0.431s] Level 5:colcon.colcon_core.verb:set package 'turtlebot3_maze' build argument 'ament_cmake_args' from command line to 'None'
[0.431s] Level 5:colcon.colcon_core.verb:set package 'turtlebot3_maze' build argument 'catkin_cmake_args' from command line to 'None'
[0.431s] Level 5:colcon.colcon_core.verb:set package 'turtlebot3_maze' build argument 'catkin_skip_building_tests' from command line to 'False'
[0.431s] DEBUG:colcon.colcon_core.verb:Building package 'turtlebot3_maze' with the following arguments: {'ament_cmake_args': None, 'build_base': '/home/dimuthuaro/turtlebot3_ws/build/turtlebot3_maze', 'catkin_cmake_args': None, 'catkin_skip_building_tests': False, 'cmake_args': None, 'cmake_clean_cache': False, 'cmake_clean_first': False, 'cmake_force_configure': False, 'cmake_target': None, 'cmake_target_skip_unavailable': False, 'install_base': '/home/dimuthuaro/turtlebot3_ws/install/turtlebot3_maze', 'merge_install': False, 'path': '/home/dimuthuaro/turtlebot3_ws/src/turtlebot3_maze', 'symlink_install': False, 'test_result_base': None}
[0.432s] INFO:colcon.colcon_core.executor:Executing jobs using 'parallel' executor
[0.433s] DEBUG:colcon.colcon_parallel_executor.executor.parallel:run_until_complete
[0.433s] INFO:colcon.colcon_ros.task.ament_cmake.build:Building ROS package in '/home/dimuthuaro/turtlebot3_ws/src/turtlebot3_maze' with build type 'ament_cmake'
[0.433s] INFO:colcon.colcon_cmake.task.cmake.build:Building CMake package in '/home/dimuthuaro/turtlebot3_ws/src/turtlebot3_maze'
[0.436s] INFO:colcon.colcon_core.plugin_system:Skipping extension 'colcon_core.shell.bat': Not used on non-Windows systems
[0.436s] INFO:colcon.colcon_core.shell:Skip shell extension 'powershell' for command environment: Not usable outside of PowerShell
[0.436s] DEBUG:colcon.colcon_core.shell:Skip shell extension 'dsv' for command environment
[0.452s] DEBUG:colcon.colcon_core.event_handler.log_command:Invoking command in '/home/dimuthuaro/turtlebot3_ws/build/turtlebot3_maze': CMAKE_PREFIX_PATH=${CMAKE_PREFIX_PATH}:/opt/ros/jazzy DEBUGINFOD_URLS=https://debuginfod.ubuntu.com /usr/bin/cmake /home/dimuthuaro/turtlebot3_ws/src/turtlebot3_maze -DCMAKE_INSTALL_PREFIX=/home/dimuthuaro/turtlebot3_ws/install/turtlebot3_maze
[1.206s] DEBUG:colcon.colcon_core.event_handler.log_command:Invoked command in '/home/dimuthuaro/turtlebot3_ws/build/turtlebot3_maze' returned '0': CMAKE_PREFIX_PATH=${CMAKE_PREFIX_PATH}:/opt/ros/jazzy DEBUGINFOD_URLS=https://debuginfod.ubuntu.com /usr/bin/cmake /home/dimuthuaro/turtlebot3_ws/src/turtlebot3_maze -DCMAKE_INSTALL_PREFIX=/home/dimuthuaro/turtlebot3_ws/install/turtlebot3_maze
[1.207s] DEBUG:colcon.colcon_core.event_handler.log_command:Invoking command in '/home/dimuthuaro/turtlebot3_ws/build/turtlebot3_maze': CMAKE_PREFIX_PATH=${CMAKE_PREFIX_PATH}:/opt/ros/jazzy DEBUGINFOD_URLS=https://debuginfod.ubuntu.com /usr/bin/cmake --build /home/dimuthuaro/turtlebot3_ws/build/turtlebot3_maze -- -j2 -l2
[1.642s] DEBUG:colcon.colcon_core.event_handler.log_command:Invoked command in '/home/dimuthuaro/turtlebot3_ws/build/turtlebot3_maze' returned '0': CMAKE_PREFIX_PATH=${CMAKE_PREFIX_PATH}:/opt/ros/jazzy DEBUGINFOD_URLS=https://debuginfod.ubuntu.com /usr/bin/cmake --build /home/dimuthuaro/turtlebot3_ws/build/turtlebot3_maze -- -j2 -l2
[1.657s] DEBUG:colcon.colcon_core.event_handler.log_command:Invoking command in '/home/dimuthuaro/turtlebot3_ws/build/turtlebot3_maze': CMAKE_PREFIX_PATH=${CMAKE_PREFIX_PATH}:/opt/ros/jazzy DEBUGINFOD_URLS=https://debuginfod.ubuntu.com /usr/bin/cmake --install /home/dimuthuaro/turtlebot3_ws/build/turtlebot3_maze
[1.745s] Level 1:colcon.colcon_core.environment:create_environment_scripts_only(turtlebot3_maze)
[1.745s] DEBUG:colcon.colcon_core.event_handler.log_command:Invoked command in '/home/dimuthuaro/turtlebot3_ws/build/turtlebot3_maze' returned '0': CMAKE_PREFIX_PATH=${CMAKE_PREFIX_PATH}:/opt/ros/jazzy DEBUGINFOD_URLS=https://debuginfod.ubuntu.com /usr/bin/cmake --install /home/dimuthuaro/turtlebot3_ws/build/turtlebot3_maze
[1.747s] Level 1:colcon.colcon_core.environment:checking '/home/dimuthuaro/turtlebot3_ws/install/turtlebot3_maze' for CMake module files
[1.752s] Level 1:colcon.colcon_core.environment:checking '/home/dimuthuaro/turtlebot3_ws/install/turtlebot3_maze' for CMake config files
[1.753s] Level 1:colcon.colcon_core.shell:create_environment_hook('turtlebot3_maze', 'cmake_prefix_path')
[1.753s] INFO:colcon.colcon_core.shell:Creating environment hook '/home/dimuthuaro/turtlebot3_ws/install/turtlebot3_maze/share/turtlebot3_maze/hook/cmake_prefix_path.ps1'
[1.755s] INFO:colcon.colcon_core.shell:Creating environment descriptor '/home/dimuthuaro/turtlebot3_ws/install/turtlebot3_maze/share/turtlebot3_maze/hook/cmake_prefix_path.dsv'
[1.756s] INFO:colcon.colcon_core.shell:Creating environment hook '/home/dimuthuaro/turtlebot3_ws/install/turtlebot3_maze/share/turtlebot3_maze/hook/cmake_prefix_path.sh'
[1.757s] Level 1:colcon.colcon_core.environment:checking '/home/dimuthuaro/turtlebot3_ws/install/turtlebot3_maze/lib'
[1.758s] Level 1:colcon.colcon_core.environment:checking '/home/dimuthuaro/turtlebot3_ws/install/turtlebot3_maze/bin'
[1.758s] Level 1:colcon.colcon_core.environment:checking '/home/dimuthuaro/turtlebot3_ws/install/turtlebot3_maze/lib/pkgconfig/turtlebot3_maze.pc'
[1.758s] Level 1:colcon.colcon_core.environment:checking '/home/dimuthuaro/turtlebot3_ws/install/turtlebot3_maze/lib/python3.12/site-packages'
[1.758s] Level 1:colcon.colcon_core.shell:create_environment_hook('turtlebot3_maze', 'pythonpath')
[1.758s] INFO:colcon.colcon_core.shell:Creating environment hook '/home/dimuthuaro/turtlebot3_ws/install/turtlebot3_maze/share/turtlebot3_maze/hook/pythonpath.ps1'
[1.759s] INFO:colcon.colcon_core.shell:Creating environment descriptor '/home/dimuthuaro/turtlebot3_ws/install/turtlebot3_maze/share/turtlebot3_maze/hook/pythonpath.dsv'
[1.760s] INFO:colcon.colcon_core.shell:Creating environment hook '/home/dimuthuaro/turtlebot3_ws/install/turtlebot3_maze/share/turtlebot3_maze/hook/pythonpath.sh'
[1.761s] Level 1:colcon.colcon_core.environment:checking '/home/dimuthuaro/turtlebot3_ws/install/turtlebot3_maze/bin'
[1.762s] INFO:colcon.colcon_core.shell:Creating package script '/home/dimuthuaro/turtlebot3_ws/install/turtlebot3_maze/share/turtlebot3_maze/package.ps1'
[1.764s] INFO:colcon.colcon_core.shell:Creating package descriptor '/home/dimuthuaro/turtlebot3_ws/install/turtlebot3_maze/share/turtlebot3_maze/package.dsv'
[1.766s] INFO:colcon.colcon_core.shell:Creating package script '/home/dimuthuaro/turtlebot3_ws/install/turtlebot3_maze/share/turtlebot3_maze/package.sh'
[1.767s] INFO:colcon.colcon_core.shell:Creating package script '/home/dimuthuaro/turtlebot3_ws/install/turtlebot3_maze/share/turtlebot3_maze/package.bash'
[1.768s] INFO:colcon.colcon_core.shell:Creating package script '/home/dimuthuaro/turtlebot3_ws/install/turtlebot3_maze/share/turtlebot3_maze/package.zsh'
[1.769s] Level 1:colcon.colcon_core.environment:create_file_with_runtime_dependencies(/home/dimuthuaro/turtlebot3_ws/install/turtlebot3_maze/share/colcon-core/packages/turtlebot3_maze)
[1.771s] Level 1:colcon.colcon_core.environment:create_environment_scripts_only(turtlebot3_maze)
[1.771s] Level 1:colcon.colcon_core.environment:checking '/home/dimuthuaro/turtlebot3_ws/install/turtlebot3_maze' for CMake module files
[1.771s] Level 1:colcon.colcon_core.environment:checking '/home/dimuthuaro/turtlebot3_ws/install/turtlebot3_maze' for CMake config files
[1.773s] Level 1:colcon.colcon_core.shell:create_environment_hook('turtlebot3_maze', 'cmake_prefix_path')
[1.773s] INFO:colcon.colcon_core.shell:Creating environment hook '/home/dimuthuaro/turtlebot3_ws/install/turtlebot3_maze/share/turtlebot3_maze/hook/cmake_prefix_path.ps1'
[1.773s] INFO:colcon.colcon_core.shell:Creating environment descriptor '/home/dimuthuaro/turtlebot3_ws/install/turtlebot3_maze/share/turtlebot3_maze/hook/cmake_prefix_path.dsv'
[1.774s] INFO:colcon.colcon_core.shell:Creating environment hook '/home/dimuthuaro/turtlebot3_ws/install/turtlebot3_maze/share/turtlebot3_maze/hook/cmake_prefix_path.sh'
[1.775s] Level 1:colcon.colcon_core.environment:checking '/home/dimuthuaro/turtlebot3_ws/install/turtlebot3_maze/lib'
[1.776s] Level 1:colcon.colcon_core.environment:checking '/home/dimuthuaro/turtlebot3_ws/install/turtlebot3_maze/bin'
[1.776s] Level 1:colcon.colcon_core.environment:checking '/home/dimuthuaro/turtlebot3_ws/install/turtlebot3_maze/lib/pkgconfig/turtlebot3_maze.pc'
[1.776s] Level 1:colcon.colcon_core.environment:checking '/home/dimuthuaro/turtlebot3_ws/install/turtlebot3_maze/lib/python3.12/site-packages'
[1.776s] Level 1:colcon.colcon_core.shell:create_environment_hook('turtlebot3_maze', 'pythonpath')
[1.776s] INFO:colcon.colcon_core.shell:Creating environment hook '/home/dimuthuaro/turtlebot3_ws/install/turtlebot3_maze/share/turtlebot3_maze/hook/pythonpath.ps1'
[1.777s] INFO:colcon.colcon_core.shell:Creating environment descriptor '/home/dimuthuaro/turtlebot3_ws/install/turtlebot3_maze/share/turtlebot3_maze/hook/pythonpath.dsv'
[1.777s] INFO:colcon.colcon_core.shell:Creating environment hook '/home/dimuthuaro/turtlebot3_ws/install/turtlebot3_maze/share/turtlebot3_maze/hook/pythonpath.sh'
[1.779s] Level 1:colcon.colcon_core.environment:checking '/home/dimuthuaro/turtlebot3_ws/install/turtlebot3_maze/bin'
[1.779s] INFO:colcon.colcon_core.shell:Creating package script '/home/dimuthuaro/turtlebot3_ws/install/turtlebot3_maze/share/turtlebot3_maze/package.ps1'
[1.788s] INFO:colcon.colcon_core.shell:Creating package descriptor '/home/dimuthuaro/turtlebot3_ws/install/turtlebot3_maze/share/turtlebot3_maze/package.dsv'
[1.789s] INFO:colcon.colcon_core.shell:Creating package script '/home/dimuthuaro/turtlebot3_ws/install/turtlebot3_maze/share/turtlebot3_maze/package.sh'
[1.792s] INFO:colcon.colcon_core.shell:Creating package script '/home/dimuthuaro/turtlebot3_ws/install/turtlebot3_maze/share/turtlebot3_maze/package.bash'
[1.793s] INFO:colcon.colcon_core.shell:Creating package script '/home/dimuthuaro/turtlebot3_ws/install/turtlebot3_maze/share/turtlebot3_maze/package.zsh'
[1.793s] Level 1:colcon.colcon_core.environment:create_file_with_runtime_dependencies(/home/dimuthuaro/turtlebot3_ws/install/turtlebot3_maze/share/colcon-core/packages/turtlebot3_maze)
[1.797s] DEBUG:colcon.colcon_parallel_executor.executor.parallel:closing loop
[1.799s] DEBUG:colcon.colcon_parallel_executor.executor.parallel:loop closed
[1.800s] DEBUG:colcon.colcon_parallel_executor.executor.parallel:run_until_complete finished with '0'
[1.801s] DEBUG:colcon.colcon_core.event_reactor:joining thread
[1.808s] INFO:colcon.colcon_core.plugin_system:Skipping extension 'colcon_notification.desktop_notification.terminal_notifier': Not used on non-Darwin systems
[1.811s] INFO:colcon.colcon_core.plugin_system:Skipping extension 'colcon_notification.desktop_notification.win32': Not used on non-Windows systems
[1.811s] INFO:colcon.colcon_notification.desktop_notification:Sending desktop notification using 'notify2'
[1.847s] DEBUG:colcon.colcon_core.event_reactor:joined thread
[1.848s] INFO:colcon.colcon_core.shell:Creating prefix script '/home/dimuthuaro/turtlebot3_ws/install/local_setup.ps1'
[1.848s] INFO:colcon.colcon_core.shell:Creating prefix util module '/home/dimuthuaro/turtlebot3_ws/install/_local_setup_util_ps1.py'
[1.855s] INFO:colcon.colcon_core.shell:Creating prefix chain script '/home/dimuthuaro/turtlebot3_ws/install/setup.ps1'
[1.856s] INFO:colcon.colcon_core.shell:Creating prefix script '/home/dimuthuaro/turtlebot3_ws/install/local_setup.sh'
[1.857s] INFO:colcon.colcon_core.shell:Creating prefix util module '/home/dimuthuaro/turtlebot3_ws/install/_local_setup_util_sh.py'
[1.859s] INFO:colcon.colcon_core.shell:Creating prefix chain script '/home/dimuthuaro/turtlebot3_ws/install/setup.sh'
[1.862s] INFO:colcon.colcon_core.shell:Creating prefix script '/home/dimuthuaro/turtlebot3_ws/install/local_setup.bash'
[1.863s] INFO:colcon.colcon_core.shell:Creating prefix chain script '/home/dimuthuaro/turtlebot3_ws/install/setup.bash'
[1.865s] INFO:colcon.colcon_core.shell:Creating prefix script '/home/dimuthuaro/turtlebot3_ws/install/local_setup.zsh'
[1.865s] INFO:colcon.colcon_core.shell:Creating prefix chain script '/home/dimuthuaro/turtlebot3_ws/install/setup.zsh'
