[0.021s] Invoking command in '/home/dimuthuaro/turtlebot3_ws/build/turtlebot3_maze': CMAKE_PREFIX_PATH=${CMAKE_PREFIX_PATH}:/opt/ros/jazzy DEBUGINFOD_URLS=https://debuginfod.ubuntu.com /usr/bin/cmake /home/dimuthuaro/turtlebot3_ws/src/turtlebot3_maze -DAMENT_CMAKE_SYMLINK_INSTALL=1 -DCMAKE_INSTALL_PREFIX=/home/dimuthuaro/turtlebot3_ws/install/turtlebot3_maze
[0.060s] -- Found ament_cmake: 2.5.4 (/opt/ros/jazzy/share/ament_cmake/cmake)
[0.370s] -- Override CMake install command with custom implementation using symlinks instead of copying resources
[0.643s] -- Configuring done (0.6s)
[0.654s] -- Generating done (0.0s)
[0.654s] -- Build files have been written to: /home/dimuthuaro/turtlebot3_ws/build/turtlebot3_maze
[0.660s] Invoked command in '/home/dimuthuaro/turtlebot3_ws/build/turtlebot3_maze' returned '0': CMAKE_PREFIX_PATH=${CMAKE_PREFIX_PATH}:/opt/ros/jazzy DEBUGINFOD_URLS=https://debuginfod.ubuntu.com /usr/bin/cmake /home/dimuthuaro/turtlebot3_ws/src/turtlebot3_maze -DAMENT_CMAKE_SYMLINK_INSTALL=1 -DCMAKE_INSTALL_PREFIX=/home/dimuthuaro/turtlebot3_ws/install/turtlebot3_maze
[0.660s] Invoking command in '/home/dimuthuaro/turtlebot3_ws/build/turtlebot3_maze': CMAKE_PREFIX_PATH=${CMAKE_PREFIX_PATH}:/opt/ros/jazzy DEBUGINFOD_URLS=https://debuginfod.ubuntu.com /usr/bin/cmake --build /home/dimuthuaro/turtlebot3_ws/build/turtlebot3_maze -- -j2 -l2
[0.769s] Built target ament_cmake_python_symlink_turtlebot3_maze
[1.048s] running egg_info
[1.048s] creating turtlebot3_maze.egg-info
[1.064s] writing turtlebot3_maze.egg-info/PKG-INFO
[1.064s] writing dependency_links to turtlebot3_maze.egg-info/dependency_links.txt
[1.065s] writing top-level names to turtlebot3_maze.egg-info/top_level.txt
[1.065s] writing manifest file 'turtlebot3_maze.egg-info/SOURCES.txt'
[1.113s] reading manifest file 'turtlebot3_maze.egg-info/SOURCES.txt'
[1.114s] writing manifest file 'turtlebot3_maze.egg-info/SOURCES.txt'
[1.138s] Built target ament_cmake_python_build_turtlebot3_maze_egg
[1.155s] Invoked command in '/home/dimuthuaro/turtlebot3_ws/build/turtlebot3_maze' returned '0': CMAKE_PREFIX_PATH=${CMAKE_PREFIX_PATH}:/opt/ros/jazzy DEBUGINFOD_URLS=https://debuginfod.ubuntu.com /usr/bin/cmake --build /home/dimuthuaro/turtlebot3_ws/build/turtlebot3_maze -- -j2 -l2
[1.171s] Invoking command in '/home/dimuthuaro/turtlebot3_ws/build/turtlebot3_maze': CMAKE_PREFIX_PATH=${CMAKE_PREFIX_PATH}:/opt/ros/jazzy DEBUGINFOD_URLS=https://debuginfod.ubuntu.com /usr/bin/cmake --install /home/dimuthuaro/turtlebot3_ws/build/turtlebot3_maze
[1.186s] -- Install configuration: ""
[1.187s] -- Execute custom install script
[1.187s] -- Symlinking: /home/dimuthuaro/turtlebot3_ws/install/turtlebot3_maze/share/turtlebot3_maze/environment/pythonpath.sh
[1.221s] -- Symlinking: /home/dimuthuaro/turtlebot3_ws/install/turtlebot3_maze/share/turtlebot3_maze/environment/pythonpath.dsv
[1.245s] -- Symlinking: /home/dimuthuaro/turtlebot3_ws/install/turtlebot3_maze/lib/python3.12/site-packages/turtlebot3_maze-1.2.0-py3.12.egg-info/PKG-INFO
[1.258s] -- Symlinking: /home/dimuthuaro/turtlebot3_ws/install/turtlebot3_maze/lib/python3.12/site-packages/turtlebot3_maze-1.2.0-py3.12.egg-info/SOURCES.txt
[1.272s] -- Symlinking: /home/dimuthuaro/turtlebot3_ws/install/turtlebot3_maze/lib/python3.12/site-packages/turtlebot3_maze-1.2.0-py3.12.egg-info/dependency_links.txt
[1.289s] -- Symlinking: /home/dimuthuaro/turtlebot3_ws/install/turtlebot3_maze/lib/python3.12/site-packages/turtlebot3_maze-1.2.0-py3.12.egg-info/top_level.txt
[1.321s] -- Symlinking: /home/dimuthuaro/turtlebot3_ws/install/turtlebot3_maze/lib/python3.12/site-packages/turtlebot3_maze/__init__.py
[1.323s] -- Symlinking: /home/dimuthuaro/turtlebot3_ws/install/turtlebot3_maze/lib/python3.12/site-packages/turtlebot3_maze/dqn_agent.py
[1.339s] -- Symlinking: /home/dimuthuaro/turtlebot3_ws/install/turtlebot3_maze/lib/python3.12/site-packages/turtlebot3_maze/dqn_navigation.py
[1.359s] -- Symlinking: /home/dimuthuaro/turtlebot3_ws/install/turtlebot3_maze/lib/python3.12/site-packages/turtlebot3_maze/generate_assignment_maze.py
[1.372s] -- Symlinking: /home/dimuthuaro/turtlebot3_ws/install/turtlebot3_maze/lib/python3.12/site-packages/turtlebot3_maze/maze_generator.py
[1.385s] -- Symlinking: /home/dimuthuaro/turtlebot3_ws/install/turtlebot3_maze/lib/python3.12/site-packages/turtlebot3_maze/maze_gui.py
[1.403s] -- Symlinking: /home/dimuthuaro/turtlebot3_ws/install/turtlebot3_maze/lib/python3.12/site-packages/turtlebot3_maze/performance_tester.py
[1.414s] -- Symlinking: /home/dimuthuaro/turtlebot3_ws/install/turtlebot3_maze/lib/python3.12/site-packages/turtlebot3_maze/setup.py
[1.424s] -- Symlinking: /home/dimuthuaro/turtlebot3_ws/install/turtlebot3_maze/share/turtlebot3_maze/launch/navigation.launch.py
[1.434s] -- Symlinking: /home/dimuthuaro/turtlebot3_ws/install/turtlebot3_maze/share/turtlebot3_maze/launch/slam.launch.py
[1.448s] -- Symlinking: /home/dimuthuaro/turtlebot3_ws/install/turtlebot3_maze/share/turtlebot3_maze/config/dqn_config.yaml
[1.459s] -- Symlinking: /home/dimuthuaro/turtlebot3_ws/install/turtlebot3_maze/share/turtlebot3_maze/config/nav2_params.yaml
[1.474s] -- Symlinking: /home/dimuthuaro/turtlebot3_ws/install/turtlebot3_maze/share/turtlebot3_maze/config/slam_params.yaml
[1.496s] -- Symlinking: /home/dimuthuaro/turtlebot3_ws/install/turtlebot3_maze/share/turtlebot3_maze/worlds/empty.world
[1.514s] -- Symlinking: /home/dimuthuaro/turtlebot3_ws/install/turtlebot3_maze/share/turtlebot3_maze/worlds/maze_assignment.world
[1.525s] -- Symlinking: /home/dimuthuaro/turtlebot3_ws/install/turtlebot3_maze/share/turtlebot3_maze/worlds/maze_complex.world
[1.539s] -- Symlinking: /home/dimuthuaro/turtlebot3_ws/install/turtlebot3_maze/share/turtlebot3_maze/worlds/maze_simple.world
[1.555s] -- Symlinking: /home/dimuthuaro/turtlebot3_ws/install/turtlebot3_maze/share/turtlebot3_maze/rviz/slam.rviz
[1.570s] -- Symlinking: /home/dimuthuaro/turtlebot3_ws/install/turtlebot3_maze/share/ament_index/resource_index/package_run_dependencies/turtlebot3_maze
[1.581s] -- Symlinking: /home/dimuthuaro/turtlebot3_ws/install/turtlebot3_maze/share/ament_index/resource_index/parent_prefix_path/turtlebot3_maze
[1.597s] -- Symlinking: /home/dimuthuaro/turtlebot3_ws/install/turtlebot3_maze/share/turtlebot3_maze/environment/ament_prefix_path.sh
[1.613s] -- Symlinking: /home/dimuthuaro/turtlebot3_ws/install/turtlebot3_maze/share/turtlebot3_maze/environment/ament_prefix_path.dsv
[1.627s] -- Symlinking: /home/dimuthuaro/turtlebot3_ws/install/turtlebot3_maze/share/turtlebot3_maze/environment/path.sh
[1.640s] -- Symlinking: /home/dimuthuaro/turtlebot3_ws/install/turtlebot3_maze/share/turtlebot3_maze/environment/path.dsv
[1.653s] -- Symlinking: /home/dimuthuaro/turtlebot3_ws/install/turtlebot3_maze/share/turtlebot3_maze/local_setup.bash
[1.665s] -- Symlinking: /home/dimuthuaro/turtlebot3_ws/install/turtlebot3_maze/share/turtlebot3_maze/local_setup.sh
[1.680s] -- Symlinking: /home/dimuthuaro/turtlebot3_ws/install/turtlebot3_maze/share/turtlebot3_maze/local_setup.zsh
[1.691s] -- Symlinking: /home/dimuthuaro/turtlebot3_ws/install/turtlebot3_maze/share/turtlebot3_maze/local_setup.dsv
[1.703s] -- Symlinking: /home/dimuthuaro/turtlebot3_ws/install/turtlebot3_maze/share/turtlebot3_maze/package.dsv
[1.714s] -- Symlinking: /home/dimuthuaro/turtlebot3_ws/install/turtlebot3_maze/share/ament_index/resource_index/packages/turtlebot3_maze
[1.725s] -- Symlinking: /home/dimuthuaro/turtlebot3_ws/install/turtlebot3_maze/share/turtlebot3_maze/cmake/turtlebot3_mazeConfig.cmake
[1.739s] -- Symlinking: /home/dimuthuaro/turtlebot3_ws/install/turtlebot3_maze/share/turtlebot3_maze/cmake/turtlebot3_mazeConfig-version.cmake
[1.751s] -- Symlinking: /home/dimuthuaro/turtlebot3_ws/install/turtlebot3_maze/share/turtlebot3_maze/package.xml
[1.807s] Listing '/home/dimuthuaro/turtlebot3_ws/install/turtlebot3_maze/lib/python3.12/site-packages/turtlebot3_maze'...
[1.807s] Compiling '/home/dimuthuaro/turtlebot3_ws/install/turtlebot3_maze/lib/python3.12/site-packages/turtlebot3_maze/__init__.py'...
[1.807s] Compiling '/home/dimuthuaro/turtlebot3_ws/install/turtlebot3_maze/lib/python3.12/site-packages/turtlebot3_maze/dqn_agent.py'...
[1.808s] Compiling '/home/dimuthuaro/turtlebot3_ws/install/turtlebot3_maze/lib/python3.12/site-packages/turtlebot3_maze/dqn_navigation.py'...
[1.808s] Compiling '/home/dimuthuaro/turtlebot3_ws/install/turtlebot3_maze/lib/python3.12/site-packages/turtlebot3_maze/generate_assignment_maze.py'...
[1.808s] Compiling '/home/dimuthuaro/turtlebot3_ws/install/turtlebot3_maze/lib/python3.12/site-packages/turtlebot3_maze/maze_generator.py'...
[1.808s] Compiling '/home/dimuthuaro/turtlebot3_ws/install/turtlebot3_maze/lib/python3.12/site-packages/turtlebot3_maze/maze_gui.py'...
[1.808s] Compiling '/home/dimuthuaro/turtlebot3_ws/install/turtlebot3_maze/lib/python3.12/site-packages/turtlebot3_maze/performance_tester.py'...
[1.808s] Compiling '/home/dimuthuaro/turtlebot3_ws/install/turtlebot3_maze/lib/python3.12/site-packages/turtlebot3_maze/setup.py'...
[1.824s] Invoked command in '/home/dimuthuaro/turtlebot3_ws/build/turtlebot3_maze' returned '0': CMAKE_PREFIX_PATH=${CMAKE_PREFIX_PATH}:/opt/ros/jazzy DEBUGINFOD_URLS=https://debuginfod.ubuntu.com /usr/bin/cmake --install /home/dimuthuaro/turtlebot3_ws/build/turtlebot3_maze
